<?xml version="1.0" encoding="UTF-8"?>
<!-- Generated by org.testng.reporters.JUnitReportReporter -->
<testsuite hostname="DESKTOP-1U98UGP" failures="0" tests="3" name="com.crm.qa.testcases.HomePageTest" time="33.164" errors="0" timestamp="2022-07-30T11:16:08 IST" skipped="0">
  <testcase classname="com.crm.qa.testcases.HomePageTest" name="verifyHomePageTitleTest" time="8.780"/>
  <system-out/>
  <testcase classname="com.crm.qa.testcases.HomePageTest" name="verifyUsernameTest" time="10.818"/>
  <system-out/>
  <testcase classname="com.crm.qa.testcases.HomePageTest" name="verifyContactsLinkTest" time="13.566"/>
  <system-out/>
</testsuite> <!-- com.crm.qa.testcases.HomePageTest -->
